<?xml version="1.0" encoding="UTF-8"?>
<!-- Generated by org.testng.reporters.JUnitReportReporter -->
<testsuite hostname="DESKTOP-ADVMO1O" failures="0" tests="10" name="com.newtours.tests.BookFlightTest" time="18.892" errors="0" timestamp="23 Jan 2021 02:32:00 GMT" skipped="0">
  <testcase classname="com.newtours.tests.BookFlightTest" name="flightDetailsPage" time="1.694"/>
  <testcase classname="com.newtours.tests.BookFlightTest" name="findFlightPage" time="0.549"/>
  <testcase classname="com.newtours.tests.BookFlightTest" name="registrationPage" time="6.540"/>
  <testcase classname="com.newtours.tests.BookFlightTest" name="findFlightPage" time="0.503"/>
  <testcase classname="com.newtours.tests.BookFlightTest" name="flightDetailsPage" time="1.673"/>
  <testcase classname="com.newtours.tests.BookFlightTest" name="registrationPage" time="6.660"/>
  <testcase classname="com.newtours.tests.BookFlightTest" name="flightConfirmationPage" time="0.398"/>
  <testcase classname="com.newtours.tests.BookFlightTest" name="registrationConfirmationPage" time="0.247"/>
  <testcase classname="com.newtours.tests.BookFlightTest" name="registrationConfirmationPage" time="0.243"/>
  <testcase classname="com.newtours.tests.BookFlightTest" name="flightConfirmationPage" time="0.385"/>
</testsuite> <!-- com.newtours.tests.BookFlightTest -->
